#
# There is insufficient memory for the Java Runtime Environment to continue.
# Native memory allocation (mmap) failed to map 130023424 bytes for G1 virtual space
# Possible reasons:
#   The system is out of physical RAM or swap space
#   The process is running with CompressedOops enabled, and the Java Heap may be blocking the growth of the native heap
# Possible solutions:
#   Reduce memory load on the system
#   Increase physical memory or swap space
#   Check if swap backing store is full
#   Decrease Java heap size (-Xmx/-Xms)
#   Decrease number of Java threads
#   Decrease Java thread stack sizes (-Xss)
#   Set larger code cache with -XX:ReservedCodeCacheSize=
#   JVM is running with Unscaled Compressed Oops mode in which the Java heap is
#     placed in the first 4GB address space. The Java Heap base address is the
#     maximum limit for the native heap growth. Please use -XX:HeapBaseMinAddress
#     to set the Java Heap base and to place the Java Heap above 4GB virtual address.
# This output file may be truncated or incomplete.
#
#  Out of Memory Error (os_windows.cpp:3548), pid=11384, tid=29900
#
# JRE version:  (17.0.10+11) (build )
# Java VM: Java HotSpot(TM) 64-Bit Server VM (17.0.10+11-LTS-240, mixed mode, sharing, tiered, compressed oops, compressed class ptrs, g1 gc, windows-amd64)
# No core dump will be written. Minidumps are not enabled by default on client versions of Windows
#

---------------  S U M M A R Y ------------

Command Line: -Dfile.encoding=UTF-8 -Dstdout.encoding=UTF-8 -Dstderr.encoding=UTF-8 -XX:+ShowCodeDetailsInExceptionMessages pet.store.PetStoreApplication

Host: 11th Gen Intel(R) Core(TM) i5-1135G7 @ 2.40GHz, 8 cores, 7G,  Windows 10 , 64 bit Build 19041 (10.0.19041.3636)
Time: Mon Jun 10 12:56:28 2024 Mountain Daylight Time elapsed time: 0.044908 seconds (0d 0h 0m 0s)

---------------  T H R E A D  ---------------

Current thread (0x0000022209ad73a0):  JavaThread "Unknown thread" [_thread_in_vm, id=29900, stack(0x000000ecec000000,0x000000ecec100000)]

Stack: [0x000000ecec000000,0x000000ecec100000]
Native frames: (J=compiled Java code, j=interpreted, Vv=VM code, C=native code)
V  [jvm.dll+0x677a5a]
V  [jvm.dll+0x7d8b2d]
V  [jvm.dll+0x7da48e]
V  [jvm.dll+0x7daaf3]
V  [jvm.dll+0x2455ff]
V  [jvm.dll+0x6749b9]
V  [jvm.dll+0x669382]
V  [jvm.dll+0x302e96]
V  [jvm.dll+0x30a416]
V  [jvm.dll+0x359cbe]
V  [jvm.dll+0x359eef]
V  [jvm.dll+0x2d9e88]
V  [jvm.dll+0x2dadf4]
V  [jvm.dll+0x7aa551]
V  [jvm.dll+0x367911]
V  [jvm.dll+0x789639]
V  [jvm.dll+0x3eb30f]
V  [jvm.dll+0x3ecd91]
C  [jli.dll+0x5297]
C  [ucrtbase.dll+0x21bb2]
C  [KERNEL32.DLL+0x17344]
C  [ntdll.dll+0x526b1]


---------------  P R O C E S S  ---------------

Threads class SMR info:
_java_thread_list=0x00007ffbd02c6a18, length=0, elements={
}

Java Threads: ( => current thread )

Other Threads:
  0x0000022209b2f0a0 GCTaskThread "GC Thread#0" [stack: 0x000000ecec100000,0x000000ecec200000] [id=6716]
  0x0000022209b3f6b0 ConcurrentGCThread "G1 Main Marker" [stack: 0x000000ecec200000,0x000000ecec300000] [id=26664]
  0x0000022209b40c30 ConcurrentGCThread "G1 Conc#0" [stack: 0x000000ecec300000,0x000000ecec400000] [id=27492]

[error occurred during error reporting (printing all threads), id 0xc0000005, EXCEPTION_ACCESS_VIOLATION (0xc0000005) at pc=0x00007ffbcfafaae7]

VM state: not at safepoint (not fully initialized)

VM Mutex/Monitor currently owned by a thread:  ([mutex/lock_event])
[0x0000022209ad1f60] Heap_lock - owner thread: 0x0000022209ad73a0

Heap address: 0x0000000084a00000, size: 1974 MB, Compressed Oops mode: 32-bit

CDS archive(s) mapped at: [0x0000000000000000-0x0000000000000000-0x0000000000000000), size 0, SharedBaseAddress: 0x0000000800000000, ArchiveRelocationMode: 1.
Narrow klass base: 0x0000000000000000, Narrow klass shift: 0, Narrow klass range: 0x0

GC Precious Log:
<Empty>

Heap:
 garbage-first heap   total 0K, used 0K [0x0000000084a00000, 0x0000000100000000)
  region size 1024K, 0 young (0K), 0 survivors (0K)

[error occurred during error reporting (printing heap information), id 0xc0000005, EXCEPTION_ACCESS_VIOLATION (0xc0000005) at pc=0x00007ffbcfee1249]

GC Heap History (0 events):
No events

Deoptimization events (0 events):
No events

Classes unloaded (0 events):
No events

Classes redefined (0 events):
No events

Internal exceptions (0 events):
No events

VM Operations (0 events):
No events

Events (1 events):
Event: 0.019 Loaded shared library C:\Program Files\Java\jdk-17\bin\java.dll


Dynamic libraries:
0x00007ff6b9240000 - 0x00007ff6b9250000 	C:\Program Files\Java\jdk-17\bin\javaw.exe
0x00007ffbff230000 - 0x00007ffbff428000 	C:\Windows\SYSTEM32\ntdll.dll
0x00007ffbfe030000 - 0x00007ffbfe0ed000 	C:\Windows\System32\KERNEL32.DLL
0x00007ffbfcb40000 - 0x00007ffbfce36000 	C:\Windows\System32\KERNELBASE.dll
0x000000005d3d0000 - 0x000000005d702000 	C:\Program Files\Norton Security\NortonData\22.24.1.6\Definitions\IPSDefs\20240607.064\IPSEng64.dll
0x00007ffbfd310000 - 0x00007ffbfd3c0000 	C:\Windows\System32\ADVAPI32.dll
0x00007ffbfe880000 - 0x00007ffbfe91e000 	C:\Windows\System32\msvcrt.dll
0x00007ffbfed60000 - 0x00007ffbfee00000 	C:\Windows\System32\sechost.dll
0x00007ffbfeb50000 - 0x00007ffbfec73000 	C:\Windows\System32\RPCRT4.dll
0x00007ffbfc8e0000 - 0x00007ffbfc907000 	C:\Windows\System32\bcrypt.dll
0x00007ffbff1e0000 - 0x00007ffbff1e8000 	C:\Windows\System32\PSAPI.DLL
0x00007ffbfc9a0000 - 0x00007ffbfcaa0000 	C:\Windows\System32\ucrtbase.dll
0x00007ffbf56e0000 - 0x00007ffbf56f9000 	C:\Program Files\Java\jdk-17\bin\jli.dll
0x00007ffbf56c0000 - 0x00007ffbf56db000 	C:\Program Files\Java\jdk-17\bin\VCRUNTIME140.dll
0x00007ffbfe920000 - 0x00007ffbfeabf000 	C:\Windows\System32\USER32.dll
0x00007ffbfcaa0000 - 0x00007ffbfcac2000 	C:\Windows\System32\win32u.dll
0x00007ffbfd2e0000 - 0x00007ffbfd30b000 	C:\Windows\System32\GDI32.dll
0x00007ffbeae80000 - 0x00007ffbeb11a000 	C:\Windows\WinSxS\amd64_microsoft.windows.common-controls_6595b64144ccf1df_6.0.19041.4355_none_60b8b9eb71f62e16\COMCTL32.dll
0x00007ffbfcfe0000 - 0x00007ffbfd0f7000 	C:\Windows\System32\gdi32full.dll
0x00007ffbfcf40000 - 0x00007ffbfcfdd000 	C:\Windows\System32\msvcp_win.dll
0x00007ffbea260000 - 0x00007ffbea26a000 	C:\Windows\SYSTEM32\VERSION.dll
0x00007ffbfe840000 - 0x00007ffbfe872000 	C:\Windows\System32\IMM32.DLL
0x00007ffbf5730000 - 0x00007ffbf573c000 	C:\Program Files\Java\jdk-17\bin\vcruntime140_1.dll
0x00007ffbd6100000 - 0x00007ffbd618e000 	C:\Program Files\Java\jdk-17\bin\msvcp140.dll
0x00007ffbcf810000 - 0x00007ffbd03ef000 	C:\Program Files\Java\jdk-17\bin\server\jvm.dll
0x00007ffbef7b0000 - 0x00007ffbef7d7000 	C:\Windows\SYSTEM32\WINMM.dll
0x00007ffbedbd0000 - 0x00007ffbedbd9000 	C:\Windows\SYSTEM32\WSOCK32.dll
0x00007ffbfef30000 - 0x00007ffbfef9b000 	C:\Windows\System32\WS2_32.dll
0x00007ffbfa940000 - 0x00007ffbfa952000 	C:\Windows\SYSTEM32\kernel.appcore.dll
0x00007ffbede80000 - 0x00007ffbede8a000 	C:\Program Files\Java\jdk-17\bin\jimage.dll
0x00007ffbfa4c0000 - 0x00007ffbfa6a4000 	C:\Windows\SYSTEM32\DBGHELP.DLL
0x00007ffbe3c40000 - 0x00007ffbe3c74000 	C:\Windows\SYSTEM32\dbgcore.DLL
0x00007ffbfc910000 - 0x00007ffbfc992000 	C:\Windows\System32\bcryptPrimitives.dll
0x00007ffbdb1c0000 - 0x00007ffbdb1e5000 	C:\Program Files\Java\jdk-17\bin\java.dll

dbghelp: loaded successfully - version: 4.0.5 - missing functions: none
symbol engine: initialized successfully - sym options: 0x614 - pdb path: .;C:\Program Files\Java\jdk-17\bin;C:\Windows\SYSTEM32;C:\Program Files\Norton Security\NortonData\22.24.1.6\Definitions\IPSDefs\20240607.064;C:\Windows\WinSxS\amd64_microsoft.windows.common-controls_6595b64144ccf1df_6.0.19041.4355_none_60b8b9eb71f62e16;C:\Program Files\Java\jdk-17\bin\server

VM Arguments:
jvm_args: -Dfile.encoding=UTF-8 -Dstdout.encoding=UTF-8 -Dstderr.encoding=UTF-8 -XX:+ShowCodeDetailsInExceptionMessages 
java_command: pet.store.PetStoreApplication
java_class_path (initial): C:\Users\miral\eclipse-workspace\pet.store\target\classes;C:\Users\miral\.m2\repository\org\springframework\boot\spring-boot-starter-data-jpa\3.1.2\spring-boot-starter-data-jpa-3.1.2.jar;C:\Users\miral\.m2\repository\org\springframework\boot\spring-boot-starter-aop\3.1.2\spring-boot-starter-aop-3.1.2.jar;C:\Users\miral\.m2\repository\org\springframework\spring-aop\6.0.11\spring-aop-6.0.11.jar;C:\Users\miral\.m2\repository\org\aspectj\aspectjweaver\1.9.19\aspectjweaver-1.9.19.jar;C:\Users\miral\.m2\repository\org\springframework\boot\spring-boot-starter-jdbc\3.1.2\spring-boot-starter-jdbc-3.1.2.jar;C:\Users\miral\.m2\repository\com\zaxxer\HikariCP\5.0.1\HikariCP-5.0.1.jar;C:\Users\miral\.m2\repository\org\springframework\spring-jdbc\6.0.11\spring-jdbc-6.0.11.jar;C:\Users\miral\.m2\repository\org\hibernate\orm\hibernate-core\6.2.6.Final\hibernate-core-6.2.6.Final.jar;C:\Users\miral\.m2\repository\jakarta\persistence\jakarta.persistence-api\3.1.0\jakarta.persistence-api-3.1.0.jar;C:\Users\miral\.m2\repository\jakarta\transaction\jakarta.transaction-api\2.0.1\jakarta.transaction-api-2.0.1.jar;C:\Users\miral\.m2\repository\org\jboss\logging\jboss-logging\3.5.3.Final\jboss-logging-3.5.3.Final.jar;C:\Users\miral\.m2\repository\org\hibernate\common\hibernate-commons-annotations\6.0.6.Final\hibernate-commons-annotations-6.0.6.Final.jar;C:\Users\miral\.m2\repository\io\smallrye\jandex\3.0.5\jandex-3.0.5.jar;C:\Users\miral\.m2\repository\com\fasterxml\classmate\1.5.1\classmate-1.5.1.jar;C:\Users\miral\.m2\repository\net\bytebuddy\byte-buddy\1.14.5\byte-buddy-1.14.5.jar;C:\Users\miral\.m2\repository\org\glassfish\jaxb\jaxb-runtime\4.0.3\jaxb-runtime-4.0.3.jar;C:\Users\miral\.m2\repository\org\glassfish\jaxb\jaxb-core\4.0.3\jaxb-core-4.0.3.jar;C:\Users\miral\.m2\repository\org\eclipse\angus\angus-activation\2.0.1\angus-activation-2.0.1.jar;C:\Users\miral\.m2\repository\org\glassfish\jaxb\txw2\4.0.3\txw2-4.0.3.jar;C:\Users\miral\.m2\repository\com\sun
Launcher Type: SUN_STANDARD

[Global flags]
     intx CICompilerCount                          = 4                                         {product} {ergonomic}
     uint ConcGCThreads                            = 2                                         {product} {ergonomic}
     uint G1ConcRefinementThreads                  = 8                                         {product} {ergonomic}
   size_t G1HeapRegionSize                         = 1048576                                   {product} {ergonomic}
    uintx GCDrainStackTargetSize                   = 64                                        {product} {ergonomic}
   size_t InitialHeapSize                          = 130023424                                 {product} {ergonomic}
   size_t MarkStackSize                            = 4194304                                   {product} {ergonomic}
   size_t MaxHeapSize                              = 2069889024                                {product} {ergonomic}
   size_t MinHeapDeltaBytes                        = 1048576                                   {product} {ergonomic}
   size_t MinHeapSize                              = 8388608                                   {product} {ergonomic}
    uintx NonNMethodCodeHeapSize                   = 5839372                                {pd product} {ergonomic}
    uintx NonProfiledCodeHeapSize                  = 122909434                              {pd product} {ergonomic}
    uintx ProfiledCodeHeapSize                     = 122909434                              {pd product} {ergonomic}
    uintx ReservedCodeCacheSize                    = 251658240                              {pd product} {ergonomic}
     bool SegmentedCodeCache                       = true                                      {product} {ergonomic}
     bool ShowCodeDetailsInExceptionMessages       = true                                   {manageable} {command line}
   size_t SoftMaxHeapSize                          = 2069889024                             {manageable} {ergonomic}
     bool UseCompressedClassPointers               = true                           {product lp64_product} {ergonomic}
     bool UseCompressedOops                        = true                           {product lp64_product} {ergonomic}
     bool UseG1GC                                  = true                                      {product} {ergonomic}
     bool UseLargePagesIndividualAllocation        = false                                  {pd product} {ergonomic}

Logging:
Log output configuration:
 #0: stdout all=warning uptime,level,tags
 #1: stderr all=off uptime,level,tags

Environment Variables:
PATH=C:\Program Files\Common Files\Oracle\Java\javapath;C:\Windows\system32;C:\Windows;C:\Windows\System32\Wbem;C:\Windows\System32\WindowsPowerShell\v1.0\;C:\Windows\System32\OpenSSH\;C:\Users\miral\AppData\Local\Microsoft\WindowsApps;C:\Users\miral\AppData\Local\GitHubDesktop\bin;C:\Users\miral\AppData\Local\Programs\Git\cmd
USERNAME=miral
OS=Windows_NT
PROCESSOR_IDENTIFIER=Intel64 Family 6 Model 140 Stepping 1, GenuineIntel



---------------  S Y S T E M  ---------------

OS:
 Windows 10 , 64 bit Build 19041 (10.0.19041.3636)
OS uptime: 9 days 23:38 hours

CPU: total 8 (initial active 8) (4 cores per cpu, 2 threads per core) family 6 model 140 stepping 1 microcode 0x86, cx8, cmov, fxsr, ht, mmx, 3dnowpref, sse, sse2, sse3, ssse3, sse4.1, sse4.2, popcnt, lzcnt, tsc, tscinvbit, avx, avx2, aes, erms, clmul, bmi1, bmi2, adx, avx512f, avx512dq, avx512cd, avx512bw, avx512vl, sha, fma, vzeroupper, avx512_vpopcntdq, avx512_vpclmulqdq, avx512_vaes, avx512_vnni, clflush, clflushopt, clwb, avx512_vbmi2, avx512_vbmi

Memory: 4k page, system-wide physical 7890M (406M free)
TotalPageFile size 32466M (AvailPageFile size 90M)
current process WorkingSet (physical memory assigned to process): 11M, peak: 11M
current process commit charge ("private bytes"): 60M, peak: 184M

vm_info: Java HotSpot(TM) 64-Bit Server VM (17.0.10+11-LTS-240) for windows-amd64 JRE (17.0.10+11-LTS-240), built on Dec 19 2023 21:47:25 by "mach5one" with MS VC++ 17.1 (VS2022)

END.
